[2026-03-02_12:58:11]  Starting installation
Now installing: jcop-framework
     Installing sub Components ... 
Copying files ....
  Importing general config file: ./config/fwStdLib.config ... 
Copying files ....
  Importing general config file: ./config/fwStdUi.config ... 
Copying files ....
ASCII import of file fwGeneral.dpl is finished successfully
ASCII import of file fwGeneral_ProgressBar.dpl is finished successfully
ASCII import of file fwGeneric_KnownEmails.dpl is finished successfully
  Importing general config file: ./config/fwGeneral.config ... 
Copying files ....
ASCII import of file fwConfigsAlarmClasses.dpl is finished successfully
Copying files ....
ASCII import of file fwDeviceDPTs.dpl is finished successfully
ASCII import of file _FwTreeNodeInfo.dpl is finished successfully
Copying files ....
ASCII import of file fwNodeDPs.dpl is finished successfully
ASCII import of file fwNodeDPTs.dpl is finished successfully
Copying files ....
ASCII import of file unDistributedControl.dpl is finished successfully
Copying files ....
ASCII import of file fwTree.dpl is finished successfully
  Importing general config file: ./config/fwTree.config ... 
Copying files ....
ASCII import of file fwAlarmHandlingDPs.dpl is finished successfully
ASCII import of file fwAlarmHandlingDPTs.dpl is finished successfully
ASCII import of file fwAlarmPanelConfig.dpl is finished successfully
  Importing general config file: ./config/fwAlarmHandling.config ... 
Copying files ....
  Importing general config file: ./config/fwCore.config ... 
Copying files ....
Copying files ....
ASCII import of file fwAccessControl.dpl is finished successfully
  Importing general config file: ./config/fwAccessControl.config ... 
Copying files ....
Copying files ....
ASCII import of file fwTrendingDPTs.dpl is finished successfully
ASCII import of file fwTrendingDPs.dpl is finished successfully
Copying files ....
ASCII import of file fwTrending3.dpl is finished successfully
  Importing general config file: ./config/fwTrending3.config ... 
Copying files ....
ASCII import of file fwDeviceEditorNavigatorDPTs.dpl is finished successfully
Copying files ....
ASCII import of file fwConfigurationDB.dpl is finished successfully
  Importing general config file: ./config/fwConfigurationDB.config ... 
Copying files ....
ASCII import of file FwDimDemoDps.dpl is finished successfully
ASCII import of file FwDimDps.dpl is finished successfully
Copying files ....
ASCII import of file fwDipDPTs.dpl is finished successfully
ASCII import of file fwDipDPs.dpl is finished successfully
  Importing general config file: ./config/fwDIP.config ... 
Copying files ....
ASCII import of file FwFsmDps.dpl is finished successfully
  Importing general config file: ./config/fwFSM.config ... 
Copying files ....
ASCII import of file fwFSMConfDB_DPT.dpl is finished successfully
ASCII import of file fwFSMConfDBParametrization_DPT.dpl is finished successfully
ASCII import of file FSMConfDB_ConfDUT.dpl is finished successfully
ASCII import of file fwFSMConfDB_Parametrization.dpl is finished successfully
Copying files ....
  Importing general config file: ./config/fwRDBArchiver.config ... 
Copying files ....
Copying files ....
ASCII import of file fwAnalogDigitalDPs.dpl is finished successfully
ASCII import of file fwAnalogDigitalDPTs.dpl is finished successfully
Copying files ....
ASCII import of file fwCaenDPs.dpl is finished successfully
ASCII import of file fwCaenDPTs.dpl is finished successfully
ASCII import of file fwCaenOldCratesDPs.dpl is finished successfully
ASCII import of file fwCaenOldCratesDPTs.dpl is finished successfully
ASCII import of file fwCaenEasyDPs.dpl is finished successfully
ASCII import of file fwCaenEasyDPTs.dpl is finished successfully
ASCII import of file fwCaenEasy6000.dpl is finished successfully
ASCII import of file fwCaenCmsMdtDPs.dpl is finished successfully
ASCII import of file fwCaenCmsMdtDPTs.dpl is finished successfully
Copying files ....
ASCII import of file fwWienerDPTs.dpl is finished successfully
ASCII import of file fwWienerDPsWithValues.dpl is finished successfully
ASCII import of file FwWienerMaratonModelPL508DO.dpl is finished successfully
Copying files ....
ASCII import of file fwRackTypes.dpl is finished successfully
ASCII import of file fwRackTypesElements.dpl is finished successfully
ASCII import of file fwRackElements.dpl is finished successfully
Copying files ....
ASCII import of file fwCaVSynopticsBitmapWidgets.dpl is finished successfully
ASCII import of file fwCaVSynopticsBitmapDpts.dpl is finished successfully
ASCII import of file fwCaVDevices.dpl is finished successfully
ASCII import of file fwCaVDefinitions.dpl is finished successfully
ASCII import of file fwCaVDriverDps.dpl is finished successfully
ASCII import of file fwCaVTrendingPageDpts.dpl is finished successfully
ASCII import of file fwCaVTrendingPage.dpl is finished successfully
  Importing general config file: ./config/fwCaV.config ... 
Copying files ....
ASCII import of file fwMagnetDefinitions.dpl is finished with status code: 56
Details can be found in ASCII import log: /home/monitor/WinCC/SRTM_Monitor_EC-01/log/fwInstallation_WCCOAascii_log.txt
  Importing general config file: ./config/fwMCS.config ... 
Copying files ....
ASCII import of file NgAsAdmin_DPT.dpl is finished successfully
ASCII import of file NgAsConfig_DPT.dpl is finished successfully
ASCII import of file NgAsFilter_DPT.dpl is finished successfully
ASCII import of file NgAsFilterSet_DPT.dpl is finished successfully
ASCII import of file NgAsUserSetting_DPT.dpl is finished successfully
ASCII import of file NgAsConfig_Basic.dpl is finished successfully
Copying files ....
Copying files ....
ASCII import of file fwWienerMPODDPTs.dpl is finished successfully
ASCII import of file fwWienerMPODModelDPs.dpl is finished successfully
Copying files ....
ASCII import of file fwPduDPTs.dpl is finished successfully
ASCII import of file fwPduModelDPs.dpl is finished successfully
Copying files ....
ASCII import of file fwLxiDPTs.dpl is finished successfully
ASCII import of file fwLxiModelDPs.dpl is finished successfully
Copying files ....
ASCII import of file fwEltekDPTs.dpl is finished successfully
ASCII import of file fwEltekModelDPs.dpl is finished successfully
Copying files ....
ASCII import of file fwOpcUaTool.dpl is finished successfully
Copying files ....
[2026-03-02_13:05:05] Finishing installation
[2026-03-02_13:05:05] Please find the log file for this installation operation in: /home/monitor/WinCC/SRTM_Monitor_EC-01/log/fwInstallation.log
ASCII import of file fwAlarmHandlingDPE_AESConfig_fwAes.dpl is finished successfully
ASCII import of file fwAlarmHandlingDPE_AESProperties_fwAes.dpl is finished successfully
ASCII import of file fwAlarmHandlingDPE_AEScreen_fwAes.dpl is finished successfully
ASCII import of file fwTrendingFreshInstallDPs.dpl is finished successfully
ASCII import of file NgAsConfig_JCOP.dpl is finished with status code: 56
Details can be found in ASCII import log: /home/monitor/WinCC/SRTM_Monitor_EC-01/log/fwInstallation_WCCOAascii_log.txt
[2026-03-02_13:33:43] Starting to delete jcop-framework
Deleting jcop-framework ... 
Deleting files for component: jcop-framework
[2026-03-02_13:33:44] jcop-framework deleted
[2026-03-02_13:33:44] Starting to delete fwAlarmScreenNg
Deleting fwAlarmScreenNg ... 
Deleting files for component: fwAlarmScreenNg
[2026-03-02_13:33:45] fwAlarmScreenNg deleted
[2026-03-02_13:33:45] Starting to delete fwAnalogDigital
Deleting fwAnalogDigital ... 
Deleting files for component: fwAnalogDigital
[2026-03-02_13:33:46] fwAnalogDigital deleted
[2026-03-02_13:33:46] Starting to delete fwCaV
Deleting fwCaV ... 
Deleting files for component: fwCaV
[2026-03-02_13:33:47] fwCaV deleted
[2026-03-02_13:33:47] Starting to delete fwCaen
Deleting fwCaen ... 
Deleting files for component: fwCaen
[2026-03-02_13:33:48] fwCaen deleted
[2026-03-02_13:33:48] Starting to delete fwCtrlUtils
Deleting fwCtrlUtils ... 
Deleting files for component: fwCtrlUtils
[2026-03-02_13:33:49] fwCtrlUtils deleted
[2026-03-02_13:33:49] Starting to delete fwDIM
Deleting fwDIM ... 
Deleting files for component: fwDIM
[2026-03-02_13:33:51] fwDIM deleted
[2026-03-02_13:33:51] Starting to delete fwEltek
Deleting fwEltek ... 
Deleting files for component: fwEltek
[2026-03-02_13:33:52] fwEltek deleted
[2026-03-02_13:33:52] Starting to delete fwFSMConfDB
Deleting fwFSMConfDB ... 
Deleting files for component: fwFSMConfDB
[2026-03-02_13:33:53] fwFSMConfDB deleted
[2026-03-02_13:33:54] Starting to delete fwLxiPs
Deleting fwLxiPs ... 
Deleting files for component: fwLxiPs
[2026-03-02_13:33:55] fwLxiPs deleted
[2026-03-02_13:33:55] Starting to delete fwMCS
Deleting fwMCS ... 
Deleting files for component: fwMCS
[2026-03-02_13:33:56] fwMCS deleted
[2026-03-02_13:33:56] Starting to delete fwOpcUaTools
Deleting fwOpcUaTools ... 
Deleting files for component: fwOpcUaTools
[2026-03-02_13:33:57] fwOpcUaTools deleted
[2026-03-02_13:33:57] Starting to delete fwPdu
Deleting fwPdu ... 
Deleting files for component: fwPdu
[2026-03-02_13:33:59] fwPdu deleted
[2026-03-02_13:33:59] Starting to delete fwRDBArchiver
Deleting fwRDBArchiver ... 
Deleting files for component: fwRDBArchiver
[2026-03-02_13:34:00] fwRDBArchiver deleted
[2026-03-02_13:34:00] Starting to delete fwRack
Deleting fwRack ... 
Deleting files for component: fwRack
[2026-03-02_13:34:01] fwRack deleted
[2026-03-02_13:34:01] Starting to delete fwTrending3
Deleting fwTrending3 ... 
Deleting files for component: fwTrending3
[2026-03-02_13:34:02] fwTrending3 deleted
[2026-03-02_13:34:02] Starting to delete fwViewer
Deleting fwViewer ... 
Deleting files for component: fwViewer
[2026-03-02_13:34:03] fwViewer deleted
[2026-03-02_13:34:03] Starting to delete fwWienerMPOD
Deleting fwWienerMPOD ... 
Deleting files for component: fwWienerMPOD
[2026-03-02_13:34:05] fwWienerMPOD deleted
[2026-03-02_13:34:05] Starting to delete fwXML
Deleting fwXML ... 
Deleting files for component: fwXML
[2026-03-02_13:34:07] fwXML deleted
[2026-03-02_13:34:07] Starting to delete AlarmScreenNg
Deleting AlarmScreenNg ... 
Deleting files for component: AlarmScreenNg
[2026-03-02_13:34:08] AlarmScreenNg deleted
[2026-03-02_13:34:08] Starting to delete fwAccessControl
Deleting fwAccessControl ... 
Deleting files for component: fwAccessControl
[2026-03-02_13:34:09] fwAccessControl deleted
[2026-03-02_13:34:09] Starting to delete fwConfigurationDB
Deleting fwConfigurationDB ... 
Deleting files for component: fwConfigurationDB
[2026-03-02_13:34:10] fwConfigurationDB deleted
[2026-03-02_13:34:11] Starting to delete fwDIP
Deleting fwDIP ... 
Deleting files for component: fwDIP
[2026-03-02_13:34:14] fwDIP deleted
[2026-03-02_13:34:14] Starting to delete fwDeviceEditorNavigator
Deleting fwDeviceEditorNavigator ... 
Deleting files for component: fwDeviceEditorNavigator
[2026-03-02_13:34:15] fwDeviceEditorNavigator deleted
[2026-03-02_13:34:15] Starting to delete fwFSM
Deleting fwFSM ... 
Deleting files for component: fwFSM
[2026-03-02_13:34:17] fwFSM deleted
[2026-03-02_13:34:17] Starting to delete fwTrending
Deleting fwTrending ... 
Deleting files for component: fwTrending
[2026-03-02_13:34:18] fwTrending deleted
[2026-03-02_13:34:18] Starting to delete fwWiener
Deleting fwWiener ... 
Deleting files for component: fwWiener
[2026-03-02_13:34:19] fwWiener deleted
[2026-03-02_13:34:19] Starting to delete fwCore
Deleting fwCore ... 
  Deleting sub component (1/9): fwStdLib
[2026-03-02_13:34:19] Starting to delete fwStdLib
Deleting fwStdLib ... 
Deleting files for component: fwStdLib
[2026-03-02_13:34:20] fwStdLib deleted
  Deleting sub component (2/9): fwStdUi
[2026-03-02_13:34:21] Starting to delete fwStdUi
Deleting fwStdUi ... 
Deleting files for component: fwStdUi
[2026-03-02_13:34:23] fwStdUi deleted
  Deleting sub component (3/9): fwGeneral
[2026-03-02_13:34:23] Starting to delete fwGeneral
Deleting fwGeneral ... 
Deleting files for component: fwGeneral
[2026-03-02_13:34:25] fwGeneral deleted
  Deleting sub component (4/9): fwConfigs
[2026-03-02_13:34:25] Starting to delete fwConfigs
Deleting fwConfigs ... 
Deleting files for component: fwConfigs
[2026-03-02_13:34:26] fwConfigs deleted
  Deleting sub component (5/9): fwDevice
[2026-03-02_13:34:27] Starting to delete fwDevice
Deleting fwDevice ... 
Deleting files for component: fwDevice
[2026-03-02_13:34:28] fwDevice deleted
  Deleting sub component (6/9): fwNode
[2026-03-02_13:34:28] Starting to delete fwNode
Deleting fwNode ... 
Deleting files for component: fwNode
[2026-03-02_13:34:29] fwNode deleted
  Deleting sub component (7/9): unDistributedControl
[2026-03-02_13:34:29] Starting to delete unDistributedControl
Deleting unDistributedControl ... 
Deleting files for component: unDistributedControl
[2026-03-02_13:34:30] unDistributedControl deleted
  Deleting sub component (8/9): fwTree
[2026-03-02_13:34:30] Starting to delete fwTree
Deleting fwTree ... 
Deleting files for component: fwTree
[2026-03-02_13:34:31] fwTree deleted
  Deleting sub component (9/9): fwAlarmHandling
[2026-03-02_13:34:32] Starting to delete fwAlarmHandling
Deleting fwAlarmHandling ... 
Deleting files for component: fwAlarmHandling
[2026-03-02_13:34:33] fwAlarmHandling deleted
Deleting files for component: fwCore
[2026-03-02_13:34:34] fwCore deleted
[2026-03-02_13:34:34]  Component successfully deleted.
[2026-03-02_13:34:56]  Starting installation
Installation aborted by the user
[2026-03-02_13:39:35]  Starting installation
Now installing: jcop-framework
     Installing sub Components ... 
Copying files ....
  Importing general config file: ./config/fwStdLib.config ... 
Copying files ....
  Importing general config file: ./config/fwStdUi.config ... 
Copying files ....
ASCII import of file fwGeneral.dpl is finished successfully
ASCII import of file fwGeneral_ProgressBar.dpl is finished successfully
ASCII import of file fwGeneric_KnownEmails.dpl is finished successfully
  Importing general config file: ./config/fwGeneral.config ... 
Copying files ....
ASCII import of file fwConfigsAlarmClasses.dpl is finished successfully
Copying files ....
ASCII import of file fwDeviceDPTs.dpl is finished successfully
ASCII import of file _FwTreeNodeInfo.dpl is finished successfully
Copying files ....
ASCII import of file fwNodeDPs.dpl is finished successfully
ASCII import of file fwNodeDPTs.dpl is finished successfully
Copying files ....
ASCII import of file unDistributedControl.dpl is finished successfully
Copying files ....
ASCII import of file fwTree.dpl is finished successfully
  Importing general config file: ./config/fwTree.config ... 
Copying files ....
ASCII import of file fwAlarmHandlingDPs.dpl is finished successfully
ASCII import of file fwAlarmHandlingDPTs.dpl is finished successfully
ASCII import of file fwAlarmPanelConfig.dpl is finished successfully
  Importing general config file: ./config/fwAlarmHandling.config ... 
Copying files ....
  Importing general config file: ./config/fwCore.config ... 
Copying files ....
Copying files ....
ASCII import of file fwAccessControl.dpl is finished successfully
  Importing general config file: ./config/fwAccessControl.config ... 
Copying files ....
Copying files ....
ASCII import of file fwTrendingDPTs.dpl is finished successfully
ASCII import of file fwTrendingDPs.dpl is finished successfully
Copying files ....
ASCII import of file fwTrending3.dpl is finished successfully
  Importing general config file: ./config/fwTrending3.config ... 
Copying files ....
ASCII import of file fwDeviceEditorNavigatorDPTs.dpl is finished successfully
Copying files ....
ASCII import of file fwConfigurationDB.dpl is finished successfully
  Importing general config file: ./config/fwConfigurationDB.config ... 
Copying files ....
ASCII import of file FwDimDemoDps.dpl is finished successfully
ASCII import of file FwDimDps.dpl is finished successfully
Copying files ....
ASCII import of file fwDipDPTs.dpl is finished successfully
ASCII import of file fwDipDPs.dpl is finished successfully
  Importing general config file: ./config/fwDIP.config ... 
Copying files ....
ASCII import of file FwFsmDps.dpl is finished successfully
  Importing general config file: ./config/fwFSM.config ... 
Copying files ....
ASCII import of file fwFSMConfDB_DPT.dpl is finished successfully
ASCII import of file fwFSMConfDBParametrization_DPT.dpl is finished successfully
ASCII import of file FSMConfDB_ConfDUT.dpl is finished successfully
ASCII import of file fwFSMConfDB_Parametrization.dpl is finished successfully
Copying files ....
  Importing general config file: ./config/fwRDBArchiver.config ... 
Copying files ....
Copying files ....
ASCII import of file fwAnalogDigitalDPs.dpl is finished with status code: 55
Details can be found in ASCII import log: /home/monitor/WinCC/SRTM_Monitor_EC-01/log/fwInstallation_WCCOAascii_log.txt
ASCII import of file fwAnalogDigitalDPTs.dpl is finished successfully
Copying files ....
ASCII import of file fwCaenDPs.dpl is finished successfully
ASCII import of file fwCaenDPTs.dpl is finished successfully
ASCII import of file fwCaenOldCratesDPs.dpl is finished successfully
ASCII import of file fwCaenOldCratesDPTs.dpl is finished successfully
ASCII import of file fwCaenEasyDPs.dpl is finished successfully
ASCII import of file fwCaenEasyDPTs.dpl is finished successfully
ASCII import of file fwCaenEasy6000.dpl is finished successfully
ASCII import of file fwCaenCmsMdtDPs.dpl is finished successfully
ASCII import of file fwCaenCmsMdtDPTs.dpl is finished successfully
Copying files ....
ASCII import of file fwWienerDPTs.dpl is finished successfully
ASCII import of file fwWienerDPsWithValues.dpl is finished successfully
ASCII import of file FwWienerMaratonModelPL508DO.dpl is finished successfully
Copying files ....
ASCII import of file fwRackTypes.dpl is finished successfully
ASCII import of file fwRackTypesElements.dpl is finished successfully
ASCII import of file fwRackElements.dpl is finished successfully
Copying files ....
ASCII import of file fwCaVSynopticsBitmapWidgets.dpl is finished successfully
ASCII import of file fwCaVSynopticsBitmapDpts.dpl is finished successfully
ASCII import of file fwCaVDevices.dpl is finished successfully
ASCII import of file fwCaVDefinitions.dpl is finished successfully
ASCII import of file fwCaVDriverDps.dpl is finished successfully
ASCII import of file fwCaVTrendingPageDpts.dpl is finished successfully
ASCII import of file fwCaVTrendingPage.dpl is finished successfully
  Importing general config file: ./config/fwCaV.config ... 
Copying files ....
ASCII import of file fwMagnetDefinitions.dpl is finished with status code: 55
Details can be found in ASCII import log: /home/monitor/WinCC/SRTM_Monitor_EC-01/log/fwInstallation_WCCOAascii_log.txt
  Importing general config file: ./config/fwMCS.config ... 
Copying files ....
ASCII import of file NgAsAdmin_DPT.dpl is finished successfully
ASCII import of file NgAsConfig_DPT.dpl is finished successfully
ASCII import of file NgAsFilter_DPT.dpl is finished successfully
ASCII import of file NgAsFilterSet_DPT.dpl is finished successfully
ASCII import of file NgAsUserSetting_DPT.dpl is finished successfully
ASCII import of file NgAsConfig_Basic.dpl is finished successfully
Copying files ....
Copying files ....
ASCII import of file fwWienerMPODDPTs.dpl is finished successfully
ASCII import of file fwWienerMPODModelDPs.dpl is finished successfully
Copying files ....
ASCII import of file fwPduDPTs.dpl is finished successfully
ASCII import of file fwPduModelDPs.dpl is finished successfully
Copying files ....
ASCII import of file fwLxiDPTs.dpl is finished successfully
ASCII import of file fwLxiModelDPs.dpl is finished successfully
Copying files ....
ASCII import of file fwEltekDPTs.dpl is finished successfully
ASCII import of file fwEltekModelDPs.dpl is finished successfully
Copying files ....
ASCII import of file fwOpcUaTool.dpl is finished successfully
Copying files ....
[2026-03-02_13:43:21] Finishing installation
[2026-03-02_13:43:22] Please find the log file for this installation operation in: /home/monitor/WinCC/SRTM_Monitor_EC-01/log/fwInstallation.log
ASCII import of file fwTrendingFreshInstallDPs.dpl is finished successfully
Dependent components at deletion of fwWiener:
fwWienerMPOD|jcop-framework|
User choice at deletion of fwWiener: DELETE
[2026-03-02_13:56:42] Starting to delete fwWiener
Deleting fwWiener ... 
Deleting files for component: fwWiener
[2026-03-02_13:56:44] fwWiener deleted
Dependent components at deletion of fwWienerMPOD:
jcop-framework|
[2026-03-02_13:56:54] : Component deletion aborted by the user.
[2026-03-02_13:56:55]  Component successfully deleted.
[2026-03-03_14:32:59] Starting to delete jcop-framework
Deleting jcop-framework ... 
Deleting files for component: jcop-framework
[2026-03-03_14:33:00] jcop-framework deleted
[2026-03-03_14:33:00] Starting to delete fwAlarmScreenNg
Deleting fwAlarmScreenNg ... 
Deleting files for component: fwAlarmScreenNg
[2026-03-03_14:33:01] fwAlarmScreenNg deleted
[2026-03-03_14:33:01] Starting to delete fwAnalogDigital
Deleting fwAnalogDigital ... 
Deleting files for component: fwAnalogDigital
[2026-03-03_14:33:02] fwAnalogDigital deleted
[2026-03-03_14:33:02] Starting to delete fwCaV
Deleting fwCaV ... 
Deleting files for component: fwCaV
[2026-03-03_14:33:04] fwCaV deleted
[2026-03-03_14:33:04] Starting to delete fwCaen
Deleting fwCaen ... 
Deleting files for component: fwCaen
[2026-03-03_14:33:06] fwCaen deleted
[2026-03-03_14:33:06] Starting to delete fwCtrlUtils
Deleting fwCtrlUtils ... 
Deleting files for component: fwCtrlUtils
[2026-03-03_14:33:08] fwCtrlUtils deleted
[2026-03-03_14:33:09] Starting to delete fwDIM
Deleting fwDIM ... 
Deleting files for component: fwDIM
[2026-03-03_14:33:12] fwDIM deleted
[2026-03-03_14:33:12] Starting to delete fwEltek
Deleting fwEltek ... 
Deleting files for component: fwEltek
[2026-03-03_14:33:14] fwEltek deleted
[2026-03-03_14:33:15] Starting to delete fwFSMConfDB
Deleting fwFSMConfDB ... 
Deleting files for component: fwFSMConfDB
[2026-03-03_14:33:16] fwFSMConfDB deleted
[2026-03-03_14:33:17] Starting to delete fwLxiPs
Deleting fwLxiPs ... 
Deleting files for component: fwLxiPs
[2026-03-03_14:33:18] fwLxiPs deleted
[2026-03-03_14:33:19] Starting to delete fwMCS
Deleting fwMCS ... 
Deleting files for component: fwMCS
[2026-03-03_14:33:22] fwMCS deleted
[2026-03-03_14:33:23] Starting to delete fwOpcUaTools
Deleting fwOpcUaTools ... 
Deleting files for component: fwOpcUaTools
[2026-03-03_14:33:25] fwOpcUaTools deleted
[2026-03-03_14:33:26] Starting to delete fwPdu
Deleting fwPdu ... 
Deleting files for component: fwPdu
[2026-03-03_14:33:28] fwPdu deleted
[2026-03-03_14:33:28] Starting to delete fwRDBArchiver
Deleting fwRDBArchiver ... 
Deleting files for component: fwRDBArchiver
[2026-03-03_14:33:29] fwRDBArchiver deleted
[2026-03-03_14:33:29] Starting to delete fwRack
Deleting fwRack ... 
Deleting files for component: fwRack
[2026-03-03_14:33:31] fwRack deleted
[2026-03-03_14:33:31] Starting to delete fwTrending3
Deleting fwTrending3 ... 
Deleting files for component: fwTrending3
[2026-03-03_14:33:32] fwTrending3 deleted
[2026-03-03_14:33:33] Starting to delete fwViewer
Deleting fwViewer ... 
Deleting files for component: fwViewer
[2026-03-03_14:33:34] fwViewer deleted
[2026-03-03_14:33:35] Starting to delete fwWienerMPOD
Deleting fwWienerMPOD ... 
Deleting files for component: fwWienerMPOD
[2026-03-03_14:33:37] fwWienerMPOD deleted
[2026-03-03_14:33:38] Starting to delete fwXML
Deleting fwXML ... 
Deleting files for component: fwXML
[2026-03-03_14:33:40] fwXML deleted
[2026-03-03_14:33:41] Starting to delete AlarmScreenNg
Deleting AlarmScreenNg ... 
Deleting files for component: AlarmScreenNg
[2026-03-03_14:33:42] AlarmScreenNg deleted
[2026-03-03_14:33:43] Starting to delete fwAccessControl
Deleting fwAccessControl ... 
Deleting files for component: fwAccessControl
[2026-03-03_14:33:44] fwAccessControl deleted
[2026-03-03_14:33:45] Starting to delete fwConfigurationDB
Deleting fwConfigurationDB ... 
Deleting files for component: fwConfigurationDB
[2026-03-03_14:33:47] fwConfigurationDB deleted
[2026-03-03_14:33:48] Starting to delete fwDIP
Deleting fwDIP ... 
Deleting files for component: fwDIP
[2026-03-03_14:33:51] fwDIP deleted
[2026-03-03_14:33:51] Starting to delete fwDeviceEditorNavigator
Deleting fwDeviceEditorNavigator ... 
Deleting files for component: fwDeviceEditorNavigator
[2026-03-03_14:33:53] fwDeviceEditorNavigator deleted
[2026-03-03_14:33:53] Starting to delete fwFSM
Deleting fwFSM ... 
Deleting files for component: fwFSM
[2026-03-03_14:33:55] fwFSM deleted
[2026-03-03_14:33:56] Starting to delete fwTrending
Deleting fwTrending ... 
Deleting files for component: fwTrending
[2026-03-03_14:33:59] fwTrending deleted
[2026-03-03_14:34:00] Starting to delete fwCore
Deleting fwCore ... 
  Deleting sub component (1/9): fwStdLib
[2026-03-03_14:34:01] Starting to delete fwStdLib
Deleting fwStdLib ... 
Deleting files for component: fwStdLib
[2026-03-03_14:34:03] fwStdLib deleted
  Deleting sub component (2/9): fwStdUi
[2026-03-03_14:34:03] Starting to delete fwStdUi
Deleting fwStdUi ... 
Deleting files for component: fwStdUi
[2026-03-03_14:34:08] fwStdUi deleted
  Deleting sub component (3/9): fwGeneral
[2026-03-03_14:34:08] Starting to delete fwGeneral
Deleting fwGeneral ... 
Deleting files for component: fwGeneral
[2026-03-03_14:34:10] fwGeneral deleted
  Deleting sub component (4/9): fwConfigs
[2026-03-03_14:34:11] Starting to delete fwConfigs
Deleting fwConfigs ... 
Deleting files for component: fwConfigs
[2026-03-03_14:34:12] fwConfigs deleted
  Deleting sub component (5/9): fwDevice
[2026-03-03_14:34:13] Starting to delete fwDevice
Deleting fwDevice ... 
Deleting files for component: fwDevice
[2026-03-03_14:34:15] fwDevice deleted
  Deleting sub component (6/9): fwNode
[2026-03-03_14:34:15] Starting to delete fwNode
Deleting fwNode ... 
Deleting files for component: fwNode
[2026-03-03_14:34:17] fwNode deleted
  Deleting sub component (7/9): unDistributedControl
[2026-03-03_14:34:18] Starting to delete unDistributedControl
Deleting unDistributedControl ... 
Deleting files for component: unDistributedControl
[2026-03-03_14:34:19] unDistributedControl deleted
  Deleting sub component (8/9): fwTree
[2026-03-03_14:34:20] Starting to delete fwTree
Deleting fwTree ... 
Deleting files for component: fwTree
[2026-03-03_14:34:21] fwTree deleted
  Deleting sub component (9/9): fwAlarmHandling
[2026-03-03_14:34:22] Starting to delete fwAlarmHandling
Deleting fwAlarmHandling ... 
Deleting files for component: fwAlarmHandling
[2026-03-03_14:34:24] fwAlarmHandling deleted
Deleting files for component: fwCore
[2026-03-03_14:34:25] fwCore deleted
[2026-03-03_14:34:26]  Component successfully deleted.
[2026-03-03_14:34:46]  Starting installation
Now installing: jcop-framework
User choice at installation of jcop-framework: INSTALL
Copying files ....
[2026-03-03_14:35:23] Finishing installation
[2026-03-03_14:35:24] Please find the log file for this installation operation in: /home/monitor/WinCC/SRTM_Monitor_EC-01/log/fwInstallation.log
[2026-03-03_14:37:58]  Starting installation
Now installing: fwCore
     Installing sub Components ... 
Copying files ....
  Importing general config file: ./config/fwStdLib.config ... 
Copying files ....
  Importing general config file: ./config/fwStdUi.config ... 
Copying files ....
ASCII import of file fwGeneral.dpl is finished successfully
ASCII import of file fwGeneral_ProgressBar.dpl is finished successfully
ASCII import of file fwGeneric_KnownEmails.dpl is finished successfully
  Importing general config file: ./config/fwGeneral.config ... 
Copying files ....
ASCII import of file fwConfigsAlarmClasses.dpl is finished successfully
Copying files ....
ASCII import of file fwDeviceDPTs.dpl is finished successfully
ASCII import of file _FwTreeNodeInfo.dpl is finished successfully
Copying files ....
ASCII import of file fwNodeDPs.dpl is finished successfully
ASCII import of file fwNodeDPTs.dpl is finished successfully
Copying files ....
ASCII import of file unDistributedControl.dpl is finished successfully
Copying files ....
ASCII import of file fwTree.dpl is finished successfully
  Importing general config file: ./config/fwTree.config ... 
Copying files ....
ASCII import of file fwAlarmHandlingDPs.dpl is finished successfully
ASCII import of file fwAlarmHandlingDPTs.dpl is finished successfully
ASCII import of file fwAlarmPanelConfig.dpl is finished successfully
  Importing general config file: ./config/fwAlarmHandling.config ... 
Copying files ....
  Importing general config file: ./config/fwCore.config ... 
Now installing: fwOpcUaTools
Copying files ....
ASCII import of file fwOpcUaTool.dpl is finished successfully
[2026-03-03_14:38:27] Finishing installation
[2026-03-03_14:38:28] Please find the log file for this installation operation in: /home/monitor/WinCC/SRTM_Monitor_EC-01/log/fwInstallation.log
