ATTENTION: default value of option vblank_mode overridden by environment.
Please register the custom scheme 'qthelp' via QWebEngineUrlScheme::registerScheme() before installing the custom scheme handler.
2026.02.25 13:39:20.436["Hello World"]
2026.02.25 13:39:22.590["Hello World"]
["createDpts: processing class Regs regexpIndex returned [0]"]
["createDpts: creating DPT for class Regs"]
["createDptRegs: completed, dpTypeChange returned status [0]"]
2026.02.26 09:26:28.301["The call to 'xmllint --noent' resulted in: 0"]
2026.02.26 09:26:28.301["Configure.Regs called"]
2026.02.26 09:26:28.301["ConfigureFromName.Regs called"]
2026.02.26 09:26:28.302["Will create DP SRTM"]
2026.02.26 09:31:17.597["The call to 'xmllint --noent' resulted in: 0"]
2026.02.26 09:31:17.598["Configure.Regs called"]
2026.02.26 09:31:17.598["ConfigureFromName.Regs called"]
2026.02.26 09:31:17.598["Will create DP SRTM"]
["createDpts: processing class Regs regexpIndex returned [0]"]
["createDpts: creating DPT for class Regs"]
["createDptRegs: completed, dpTypeChange returned status [0]"]
["createDpts: processing class Regs regexpIndex returned [0]"]
["createDpts: creating DPT for class Regs"]
["createDptRegs: completed, dpTypeChange returned status [0]"]
2026.02.26 09:38:13.193["The call to 'xmllint --noent' resulted in: 0"]
2026.02.26 09:38:13.194["Configure.Regs called"]
2026.02.26 09:38:13.194["ConfigureFromName.Regs called"]
2026.02.26 09:38:13.194["Will create DP SRTM"]
2026.02.26 09:45:35.032["The call to 'xmllint --noent' resulted in: 0"]
2026.02.26 09:45:35.032["Configure.Regs called"]
2026.02.26 09:45:35.033["ConfigureFromName.Regs called"]
2026.02.26 09:45:35.033["Will create DP SRTM"]
["createDpts: processing class Regs regexpIndex returned [0]"]
["createDpts: creating DPT for class Regs"]
["createDptRegs: completed, dpTypeChange returned status [0]"]
2026.02.26 09:47:09.405["The call to 'xmllint --noent' resulted in: 0"]
2026.02.26 09:47:09.405["Configure.Regs called"]
2026.02.26 09:47:09.406["ConfigureFromName.Regs called"]
2026.02.26 09:47:09.406["Will create DP SRTM"]
["createDpts: processing class Regs regexpIndex returned [0]"]
["createDpts: creating DPT for class Regs"]
["createDptRegs: completed, dpTypeChange returned status [0]"]
["createDpts: processing class Regs regexpIndex returned [0]"]
["createDpts: creating DPT for class Regs"]
["createDptRegs: completed, dpTypeChange returned status [0]"]
["fwTrending: initialization script"]
["fwTrending: Detected fresh installation of fwTrending. Flagging post-install job to import DPs for runnning."]
["fwDIP: Adding SIM manager 13 - OK"]
2026.03.02 13:01:44.492["fwCaen.preInit script: running script"]
2026.03.02 13:01:44.493["fwCaen.preinit script: created missing user defined type _FwCaenBoardSY1527A1676UserDefined"]
2026.03.02 13:01:44.494["fwCaen.preinit script: created missing user defined type _FwCaenBoardSY1527A1660UserDefined"]
2026.03.02 13:01:44.494["fwCaen.preinit script: created missing user defined type _FwCaenCrateEasyUserDefined"]
2026.03.02 13:01:44.494["fwCaen.preinit script: created missing user defined type _FwCaenBoardEasyUserDefined"]
2026.03.02 13:01:44.495["fwCaen.preinit script: created missing user defined type _FwCaenChannelADCUserDefined"]
2026.03.02 13:01:44.496["fwCaen.preinit script: created missing user defined type _FwCaenChannelDACUserDefined"]
2026.03.02 13:01:44.496["fwCaen.preinit script: created missing user defined type _FwCaenChannelUserDefined"]
2026.03.02 13:01:44.497["fwCaen.preinit script: created missing user defined type _FwCaenCrateSY1527UserDefined"]
2026.03.02 13:01:44.497["fwCaen.preinit script: created missing user defined type _FwCaenBoardSY1527UserDefined"]
2026.03.02 13:01:44.498["fwCaen.preinit script: created missing user defined type _FwCaenCrateVMEUserDefined"]
2026.03.02 13:01:44.498["fwCaen.preinit script: created missing user defined type _FwCaenChannelVMEUserDefined"]
2026.03.02 13:01:44.499["fwCaen.preinit script: created missing user defined type _FwCaenCrateNGPSUserDefined"]
2026.03.02 13:01:44.499["fwCaen.preinit script: script finished"]
2026.03.02 13:01:57.656["fwWiener.preInit script: running script"]
2026.03.02 13:01:57.656["fwWiener.preInit script: used existing or created missing user defined type FwWienerChannelUserDefined"]
2026.03.02 13:01:57.657["fwWiener.preInit script: used existing or created missing user defined type FwWienerCanBusUserDefined"]
2026.03.02 13:01:57.658["fwWiener.preInit script: used existing or created missing user defined type FwWienerCrateUserDefined"]
2026.03.02 13:01:57.659["fwWiener.preInit script: used existing or created missing user defined type FwWienerPSUserDefined"]
2026.03.02 13:01:57.659["fwWiener.preInit script: used existing or created missing user defined type FwWienerFanTrayUserDefined"]
2026.03.02 13:01:57.660["fwWiener.preInit script: used existing or created missing user defined type FwWienerMarathonChannelUserDefined"]
2026.03.02 13:01:57.660["fwWiener.preInit script: used existing or created missing user defined type FwWienerMarathonGroupUserDefined"]
2026.03.02 13:01:57.661["fwWiener.preInit script: used existing or created missing user defined type FwWienerMarathonUserDefined"]
2026.03.02 13:01:57.661["fwWiener.preInit script: script finished"]
2026.03.02 13:03:00.361["fwWiener: fwWiener_init_MigrateMaraton() -> Upgrading old Marathon Crate models"]
2026.03.02 13:03:00.374["fwWiener: fwWiener_init_MigrateMaraton() -> Upgrading old Marathon Channel models"]
2026.03.02 13:03:00.374["fwWiener: fwWiener_init_MigrateMaraton() -> No migration required. All models up to date"]
["fwCaV: Adding driver number 15 (MODBUS and SIM): OK"]
["createDpts: processing class Regs regexpIndex returned [0]"]
["createDpts: creating DPT for class Regs"]
["createDptRegs: completed, dpTypeChange returned status [0]"]
2026.03.02 13:26:50.042["The call to 'xmllint --noent' resulted in: 0"]
2026.03.02 13:26:50.042["Configure.Regs called"]
2026.03.02 13:26:50.042["ConfigureFromName.Regs called"]
2026.03.02 13:26:50.042["Will create DP SRTM"]
["fwTrending: initialization script"]
["fwTrending: Detected fresh installation of fwTrending. Flagging post-install job to import DPs for runnning."]
["fwDIP: Adding SIM manager 13 - Already exists"]
2026.03.02 13:40:31.202["fwCaen.preInit script: running script"]
2026.03.02 13:40:31.203["fwCaen.preinit script: script finished"]
2026.03.02 13:40:44.078["fwWiener.preInit script: running script"]
2026.03.02 13:40:44.078["fwWiener.preInit script: script finished"]
2026.03.02 13:41:46.387["fwWiener: fwWiener_init_MigrateMaraton() -> Upgrading old Marathon Crate models"]
2026.03.02 13:41:46.388["fwWiener: fwWiener_init_MigrateMaraton() -> Upgrading old Marathon Channel models"]
2026.03.02 13:41:46.397["fwWiener: fwWiener_init_MigrateMaraton() -> No migration required. All models up to date"]
["fwCaV: Adding driver number 15 (MODBUS and SIM): Already exists"]
2026.03.02 13:42:50.568["Parsing:"]["dist_1:_NgAsConfig_Basic.ConfigJSON"]
2026.03.02 13:42:50.568["Parsing:"]["dist_1:_NgAsConfig_JCOP.ConfigJSON"]
2026.03.02 13:44:28.850["System Name: dist_1: System Number: 1 - FwFsm: version is 3503"]
2026.03.02 13:44:51.477["The call to 'xmllint --noent' resulted in: 0"]
2026.03.02 13:44:51.477["Configure.Regs called"]
2026.03.02 13:44:51.478["ConfigureFromName.Regs called"]
2026.03.02 13:44:51.478["Will create DP SRTM"]
2026.03.02 13:44:51.480["Failed setting address SRTM.Hwid; will terminate now."]
["createDpts: processing class Regs regexpIndex returned [0]"]
["createDpts: creating DPT for class Regs"]
["createDptRegs: completed, dpTypeChange returned status [0]"]
["createDpts: processing class Regs regexpIndex returned [0]"]
["createDpts: creating DPT for class Regs"]
["createDptRegs: completed, dpTypeChange returned status [0]"]
2026.03.02 13:46:54.361["The call to 'xmllint --noent' resulted in: 0"]
2026.03.02 13:46:54.361["Configure.Regs called"]
2026.03.02 13:46:54.362["ConfigureFromName.Regs called"]
2026.03.02 13:46:54.362["Will create DP SRTM"]
2026.03.02 13:46:54.363["Failed setting address SRTM.Hwid; will terminate now."]
["createDpts: processing class Regs regexpIndex returned [0]"]
["createDpts: creating DPT for class Regs"]
["createDptRegs: completed, dpTypeChange returned status [0]"]
2026.03.02 13:48:31.398["The call to 'xmllint --noent' resulted in: 0"]
2026.03.02 13:48:31.398["Configure.Regs called"]
2026.03.02 13:48:31.398["ConfigureFromName.Regs called"]
2026.03.02 13:48:31.398["Will create DP SRTM"]
2026.03.02 13:48:31.400["Failed setting address SRTM.Hwid; will terminate now."]
["createDpts: processing class Regs regexpIndex returned [0]"]
["createDpts: creating DPT for class Regs"]
["createDptRegs: completed, dpTypeChange returned status [0]"]
2026.03.03 14:20:33.967["System Name: dist_1: System Number: 1 - FwFsm: version is 3503"]
2026.03.03 14:29:17.201["System Name: dist_1: System Number: 1 - FwFsm: version is 3503"]
2026.03.03 14:40:36.511["The call to 'xmllint --noent' resulted in: 0"]
2026.03.03 14:40:36.512["Configure.Regs called"]
2026.03.03 14:40:36.512["ConfigureFromName.Regs called"]
2026.03.03 14:40:36.512["Will create DP SRTM"]
2026.03.03 14:40:36.514["Failed setting address SRTM.Hwid; will terminate now."]
["createDpts: processing class Regs regexpIndex returned [0]"]
["createDpts: creating DPT for class Regs"]
["createDptRegs: completed, dpTypeChange returned status [0]"]
["createDpts: processing class Regs regexpIndex returned [0]"]
["createDpts: creating DPT for class Regs"]
["createDptRegs: completed, dpTypeChange returned status [0]"]
2026.03.03 14:47:43.420["The call to 'xmllint --noent' resulted in: 0"]
2026.03.03 14:47:43.421["Configure.Regs called"]
2026.03.03 14:47:43.421["ConfigureFromName.Regs called"]
2026.03.03 14:47:43.421["Will create DP SRTM"]
2026.03.03 14:47:43.423["Failed setting address SRTM.Hwid; will terminate now."]
["createDpts: processing class Regs regexpIndex returned [0]"]
["createDpts: creating DPT for class Regs"]
["createDptRegs: completed, dpTypeChange returned status [0]"]
2026.03.03 14:55:08.472["The call to 'xmllint --noent' resulted in: 0"]
2026.03.03 14:55:08.472["Configure.Regs called"]
2026.03.03 14:55:08.473["ConfigureFromName.Regs called"]
2026.03.03 14:55:08.473["Will create DP SRTM"]
2026.03.03 14:55:08.474["Failed setting address SRTM.Hwid; will terminate now."]
["createDpts: processing class Regs regexpIndex returned [0]"]
["createDpts: creating DPT for class Regs"]
["createDptRegs: completed, dpTypeChange returned status [0]"]
2026.03.03 14:57:42.455["The call to 'xmllint --noent' resulted in: 0"]
2026.03.03 14:57:42.456["Configure.Regs called"]
2026.03.03 14:57:42.456["ConfigureFromName.Regs called"]
2026.03.03 14:57:42.456["Will create DP SRTM"]
2026.03.03 14:57:42.459["Setting active on dpe: SRTM.Hwid to TRUE"]
2026.03.03 14:57:42.460["Setting active on dpe: SRTM.Fwvers to TRUE"]
2026.03.03 14:57:42.461["Setting active on dpe: SRTM.Swvers to TRUE"]
2026.03.03 14:57:42.462["Setting active on dpe: SRTM.SRTM_v00 to TRUE"]
2026.03.03 14:57:42.462["Setting active on dpe: SRTM.SRTM_v01 to TRUE"]
2026.03.03 14:57:42.463["Setting active on dpe: SRTM.SRTM_v02 to TRUE"]
2026.03.03 14:57:42.464["Setting active on dpe: SRTM.SRTM_v03 to TRUE"]
2026.03.03 14:57:42.465["Setting active on dpe: SRTM.SRTM_v04 to TRUE"]
2026.03.03 14:57:42.465["Setting active on dpe: SRTM.SRTM_v05 to TRUE"]
2026.03.03 14:57:42.466["Setting active on dpe: SRTM.SRTM_v06 to TRUE"]
2026.03.03 14:57:42.467["Setting active on dpe: SRTM.SRTM_v07 to TRUE"]
2026.03.03 14:57:42.467["Setting active on dpe: SRTM.SRTM_c00 to TRUE"]
2026.03.03 14:57:42.468["Setting active on dpe: SRTM.SRTM_c01 to TRUE"]
2026.03.03 14:57:42.469["Setting active on dpe: SRTM.SRTM_c02 to TRUE"]
2026.03.03 14:57:42.469["Setting active on dpe: SRTM.SRTM_c03 to TRUE"]
2026.03.03 14:57:42.470["Setting active on dpe: SRTM.SRTM_c04 to TRUE"]
2026.03.03 14:57:42.471["Setting active on dpe: SRTM.SRTM_c05 to TRUE"]
2026.03.03 14:57:42.471["Setting active on dpe: SRTM.SRTM_c06 to TRUE"]
2026.03.03 14:57:42.472["Setting active on dpe: SRTM.SRTM_c07 to TRUE"]
2026.03.03 14:57:42.473["Setting active on dpe: SRTM.SRTM_t00 to TRUE"]
2026.03.03 14:57:42.474["Setting active on dpe: SRTM.SRTM_t01 to TRUE"]
2026.03.03 14:57:42.474["Setting active on dpe: SRTM.SRTM_t02 to TRUE"]
2026.03.03 14:57:42.475["Setting active on dpe: SRTM.SRTM_t03 to TRUE"]
2026.03.03 14:57:42.476["Setting active on dpe: SRTM.SRTM_t04 to TRUE"]
2026.03.03 14:57:42.476["Setting active on dpe: SRTM.SRTM_t05 to TRUE"]
2026.03.03 14:57:42.477["Setting active on dpe: SRTM.SRTM_t06 to TRUE"]
2026.03.03 14:57:42.478["Setting active on dpe: SRTM.SRTM_t07 to TRUE"]
2026.03.03 14:57:42.478["Setting active on dpe: SRTM.FF11_present to TRUE"]
2026.03.03 14:57:42.481["Setting active on dpe: SRTM.FF11_status to TRUE"]
2026.03.03 14:57:42.482["Setting active on dpe: SRTM.FF11_txdisable to TRUE"]
2026.03.03 14:57:42.483["Setting active on dpe: SRTM.FF11_cdrenable to TRUE"]
2026.03.03 14:57:42.484["Setting active on dpe: SRTM.FF11_cdrrate to TRUE"]
2026.03.03 14:57:42.484["Setting active on dpe: SRTM.FF11_cdrlol to TRUE"]
2026.03.03 14:57:42.485["Setting active on dpe: SRTM.FF11_los to TRUE"]
2026.03.03 14:57:42.486["Setting active on dpe: SRTM.FF11_txfault to TRUE"]
2026.03.03 14:57:42.486["Setting active on dpe: SRTM.FF11_tempfault to TRUE"]
2026.03.03 14:57:42.487["Setting active on dpe: SRTM.FF11_voltfault to TRUE"]
2026.03.03 14:57:42.488["Setting active on dpe: SRTM.FF11_powerfault to TRUE"]
2026.03.03 14:57:42.489["Setting active on dpe: SRTM.FF11_uptime to TRUE"]
2026.03.03 14:57:42.489["Setting active on dpe: SRTM.FF11_tempC to TRUE"]
2026.03.03 14:57:42.490["Setting active on dpe: SRTM.FF11_rxpower_0 to TRUE"]
2026.03.03 14:57:42.491["Setting active on dpe: SRTM.FF11_rxpower_1 to TRUE"]
2026.03.03 14:57:42.491["Setting active on dpe: SRTM.FF11_rxpower_2 to TRUE"]
2026.03.03 14:57:42.492["Setting active on dpe: SRTM.FF11_rxpower_3 to TRUE"]
2026.03.03 14:57:42.493["Setting active on dpe: SRTM.FF11_id to TRUE"]
2026.03.03 14:57:42.493["Setting active on dpe: SRTM.FF11_model to TRUE"]
2026.03.03 14:57:42.494["Setting active on dpe: SRTM.FF11_serial to TRUE"]
2026.03.03 14:57:42.495["Setting active on dpe: SRTM.FF11_fwversion to TRUE"]
2026.03.03 14:57:42.496["Setting active on dpe: SRTM.FF12_present to TRUE"]
2026.03.03 14:57:42.496["Setting active on dpe: SRTM.FF12_status to TRUE"]
2026.03.03 14:57:42.497["Setting active on dpe: SRTM.FF12_txdisable to TRUE"]
2026.03.03 14:57:42.498["Setting active on dpe: SRTM.FF12_cdrenable to TRUE"]
2026.03.03 14:57:42.498["Setting active on dpe: SRTM.FF12_cdrrate to TRUE"]
2026.03.03 14:57:42.499["Setting active on dpe: SRTM.FF12_cdrlol to TRUE"]
2026.03.03 14:57:42.500["Setting active on dpe: SRTM.FF12_los to TRUE"]
2026.03.03 14:57:42.501["Setting active on dpe: SRTM.FF12_txfault to TRUE"]
2026.03.03 14:57:42.501["Setting active on dpe: SRTM.FF12_tempfault to TRUE"]
2026.03.03 14:57:42.502["Setting active on dpe: SRTM.FF12_voltfault to TRUE"]
2026.03.03 14:57:42.503["Setting active on dpe: SRTM.FF12_powerfault to TRUE"]
2026.03.03 14:57:42.503["Setting active on dpe: SRTM.FF12_uptime to TRUE"]
2026.03.03 14:57:42.504["Setting active on dpe: SRTM.FF12_tempC to TRUE"]
2026.03.03 14:57:42.505["Setting active on dpe: SRTM.FF12_rxpower_0 to TRUE"]
2026.03.03 14:57:42.506["Setting active on dpe: SRTM.FF12_rxpower_1 to TRUE"]
2026.03.03 14:57:42.506["Setting active on dpe: SRTM.FF12_rxpower_2 to TRUE"]
2026.03.03 14:57:42.507["Setting active on dpe: SRTM.FF12_rxpower_3 to TRUE"]
2026.03.03 14:57:42.508["Setting active on dpe: SRTM.FF12_id to TRUE"]
2026.03.03 14:57:42.509["Setting active on dpe: SRTM.FF12_model to TRUE"]
2026.03.03 14:57:42.509["Setting active on dpe: SRTM.FF12_serial to TRUE"]
2026.03.03 14:57:42.510["Setting active on dpe: SRTM.FF12_fwversion to TRUE"]
2026.03.03 14:57:42.511["Setting active on dpe: SRTM.FF13_present to TRUE"]
2026.03.03 14:57:42.512["Setting active on dpe: SRTM.FF13_status to TRUE"]
2026.03.03 14:57:42.513["Setting active on dpe: SRTM.FF13_txdisable to TRUE"]
2026.03.03 14:57:42.513["Setting active on dpe: SRTM.FF13_cdrenable to TRUE"]
2026.03.03 14:57:42.514["Setting active on dpe: SRTM.FF13_cdrrate to TRUE"]
2026.03.03 14:57:42.515["Setting active on dpe: SRTM.FF13_cdrlol to TRUE"]
2026.03.03 14:57:42.516["Setting active on dpe: SRTM.FF13_los to TRUE"]
2026.03.03 14:57:42.517["Setting active on dpe: SRTM.FF13_txfault to TRUE"]
2026.03.03 14:57:42.518["Setting active on dpe: SRTM.FF13_tempfault to TRUE"]
2026.03.03 14:57:42.518["Setting active on dpe: SRTM.FF13_voltfault to TRUE"]
2026.03.03 14:57:42.519["Setting active on dpe: SRTM.FF13_powerfault to TRUE"]
2026.03.03 14:57:42.520["Setting active on dpe: SRTM.FF13_uptime to TRUE"]
2026.03.03 14:57:42.520["Setting active on dpe: SRTM.FF13_tempC to TRUE"]
2026.03.03 14:57:42.521["Setting active on dpe: SRTM.FF13_rxpower_0 to TRUE"]
2026.03.03 14:57:42.522["Setting active on dpe: SRTM.FF13_rxpower_1 to TRUE"]
2026.03.03 14:57:42.523["Setting active on dpe: SRTM.FF13_rxpower_2 to TRUE"]
2026.03.03 14:57:42.523["Setting active on dpe: SRTM.FF13_rxpower_3 to TRUE"]
2026.03.03 14:57:42.524["Setting active on dpe: SRTM.FF13_id to TRUE"]
2026.03.03 14:57:42.525["Setting active on dpe: SRTM.FF13_model to TRUE"]
2026.03.03 14:57:42.525["Setting active on dpe: SRTM.FF13_serial to TRUE"]
2026.03.03 14:57:42.526["Setting active on dpe: SRTM.FF13_fwversion to TRUE"]
2026.03.03 14:57:42.527["Setting active on dpe: SRTM.FPGA_up to TRUE"]
2026.03.03 14:57:42.528["Setting active on dpe: SRTM.FPGA_temp to TRUE"]
2026.03.03 14:57:42.528["Setting active on dpe: SRTM.FPGA_vint to TRUE"]
2026.03.03 14:57:42.529["Setting active on dpe: SRTM.FPGA_vaux to TRUE"]
2026.03.03 14:57:42.530["Setting active on dpe: SRTM.FPGA_vbram to TRUE"]
2026.03.03 14:57:42.531["Setting active on dpe: SRTM.IPMC_id to TRUE"]
2026.03.03 14:57:42.531["Setting active on dpe: SRTM.IPMC_i2cVer to TRUE"]
2026.03.03 14:57:42.532["Setting active on dpe: SRTM.IPMC_rev to TRUE"]
2026.03.03 14:57:42.533["Setting active on dpe: SRTM.IPMC_ver to TRUE"]
2026.03.03 14:57:42.534["Setting active on dpe: SRTM.IPMC_seq to TRUE"]
2026.03.03 14:57:42.534["Setting active on dpe: SRTM.IPMC_status to TRUE"]
2026.03.03 14:57:42.535["Setting active on dpe: SRTM.IPMC_rawtime to TRUE"]
2026.03.03 14:57:42.536["Setting active on dpe: SRTM.IPMC_time to TRUE"]
2026.03.03 14:57:42.536["Setting active on dpe: SRTM.IPMC_iQ_I to TRUE"]
2026.03.03 14:57:42.537["Setting active on dpe: SRTM.IPMC_iQ_VA to TRUE"]
2026.03.03 14:57:42.538["Setting active on dpe: SRTM.IPMC_iQ_VB to TRUE"]
2026.03.03 14:57:42.539["Setting active on dpe: SRTM.IPMC_iQ_T to TRUE"]
2026.03.03 14:57:42.539["Setting active on dpe: SRTM.IPMC_PCF_al to TRUE"]
2026.03.03 14:57:42.540["Setting active on dpe: SRTM.IPMC_PCF_ah to TRUE"]
2026.03.03 14:57:42.541["Setting active on dpe: SRTM.IPMC_PCF_bl_V to TRUE"]
2026.03.03 14:57:42.542["Setting active on dpe: SRTM.IPMC_PCF_bh_I to TRUE"]
2026.03.03 14:57:42.542["Setting active on dpe: SRTM.IPMC_TMP100_fb to TRUE"]
2026.03.03 14:57:42.543["Setting active on dpe: SRTM.IPMC_TMP100_bb to TRUE"]
2026.03.03 14:57:42.544["Setting active on dpe: SRTM.IPMC_TMP100_ft to TRUE"]
2026.03.03 14:57:42.545["Setting active on dpe: SRTM.IPMC_TMP100_bt to TRUE"]
2026.03.03 14:57:42.545["Setting active on dpe: SRTM.IPMC_TMP100_z to TRUE"]
2026.03.03 14:57:42.546["Setting active on dpe: SRTM.IPMC_LTC_6A_V to TRUE"]
2026.03.03 14:57:42.547["Setting active on dpe: SRTM.IPMC_LTC_6A_I to TRUE"]
2026.03.03 14:57:42.548["Setting active on dpe: SRTM.IPMC_LTC_6A_T to TRUE"]
2026.03.03 14:57:42.548["Setting active on dpe: SRTM.IPMC_LTC_67_V to TRUE"]
2026.03.03 14:57:42.549["Setting active on dpe: SRTM.IPMC_LTC_67_I to TRUE"]
2026.03.03 14:57:42.550["Setting active on dpe: SRTM.IPMC_LTC_6B_V to TRUE"]
2026.03.03 14:57:42.551["Setting active on dpe: SRTM.IPMC_LTC_6B_I to TRUE"]
2026.03.03 14:57:42.552["Setting active on dpe: SRTM.IPMC_LTC_6D_V1 to TRUE"]
2026.03.03 14:57:42.552["Setting active on dpe: SRTM.IPMC_LTC_6D_I1 to TRUE"]
2026.03.03 14:57:42.553["Setting active on dpe: SRTM.IPMC_LTC_69_V to TRUE"]
2026.03.03 14:57:42.554["Setting active on dpe: SRTM.IPMC_LTC_69_I to TRUE"]
2026.03.03 14:57:42.555["Setting active on dpe: SRTM.IPMC_LTC_6C_V to TRUE"]
2026.03.03 14:57:42.556["Setting active on dpe: SRTM.IPMC_LTC_6C_I to TRUE"]
2026.03.03 14:57:42.556["Setting active on dpe: SRTM.IPMC_LTC_6D_V2 to TRUE"]
2026.03.03 14:57:42.557["Setting active on dpe: SRTM.IPMC_LTC_6D_I2 to TRUE"]
2026.03.03 14:57:42.558["Setting active on dpe: SRTM.IPMC_LTC_6E_V to TRUE"]
2026.03.03 14:57:42.559["Setting active on dpe: SRTM.IPMC_LTC_6E_I to TRUE"]
2026.03.03 14:57:42.560["Setting active on dpe: SRTM.Zynq_ps_temp to TRUE"]
2026.03.03 14:57:42.561["Setting active on dpe: SRTM.Zynq_pl_temp to TRUE"]
2026.03.03 14:57:42.561["Setting active on dpe: SRTM.Zynq_vcc_pspll0 to TRUE"]
2026.03.03 14:57:42.562["Setting active on dpe: SRTM.Zynq_vccint to TRUE"]
2026.03.03 14:57:42.563["Setting active on dpe: SRTM.Zynq_vccbram to TRUE"]
2026.03.03 14:57:42.564["Setting active on dpe: SRTM.Zynq_vccaux to TRUE"]
2026.03.03 14:57:42.565["Setting active on dpe: SRTM.Zynq_vcc_psddrpll to TRUE"]
2026.03.03 14:57:42.566["Setting active on dpe: SRTM.Zynq_vcc_psintfp_ddr to TRUE"]
2026.03.03 14:57:42.567["Setting active on dpe: SRTM.Zynq_vcc_ps_lpd1 to TRUE"]
2026.03.03 14:57:42.568["Setting active on dpe: SRTM.Zynq_vcc_ps_lpd2 to TRUE"]
2026.03.03 14:57:42.569["Setting active on dpe: SRTM.Zynq_ps_aux3 to TRUE"]
2026.03.03 14:57:42.569["Setting active on dpe: SRTM.Zynq_vcc_ddr_io to TRUE"]
2026.03.03 14:57:42.570["Setting active on dpe: SRTM.Zynq_ps_bank_503 to TRUE"]
2026.03.03 14:57:42.571["Setting active on dpe: SRTM.Zynq_ps_bank_500 to TRUE"]
2026.03.03 14:57:42.572["Setting active on dpe: SRTM.Zynq_vcc0_psi01_1 to TRUE"]
2026.03.03 14:57:42.572["Setting active on dpe: SRTM.Zynq_vcc0_psi01_2 to TRUE"]
2026.03.03 14:57:42.573["Setting active on dpe: SRTM.Zynq_vcc_ps_gtr to TRUE"]
2026.03.03 14:57:42.574["Setting active on dpe: SRTM.Zynq_vtt_ps_gtr to TRUE"]
2026.03.03 14:57:42.575["Setting active on dpe: SRTM.Zynq_vcc_ps_adc to TRUE"]
2026.03.03 14:57:42.575["Setting active on dpe: SRTM.Zynq_vcc_pl_int to TRUE"]
2026.03.03 14:57:42.576["Setting active on dpe: SRTM.Zynq_vcc_pl_aux to TRUE"]
2026.03.03 14:57:42.577["Setting active on dpe: SRTM.Zynq_vref_p to TRUE"]
2026.03.03 14:57:42.578["Setting active on dpe: SRTM.Zynq_vref_n to TRUE"]
2026.03.03 14:57:42.578["Setting active on dpe: SRTM.Zynq_vcc_pl_bram to TRUE"]
2026.03.03 14:57:42.579["Setting active on dpe: SRTM.Zynq_vcc_ps_intlp4 to TRUE"]
2026.03.03 14:57:42.580["Setting active on dpe: SRTM.Zynq_vcc_ps_intfp5 to TRUE"]
2026.03.03 14:57:42.581["Setting active on dpe: SRTM.Zynq_vcc_ps_aux to TRUE"]
2026.03.03 14:57:42.581["Setting active on dpe: SRTM.Zynq_vcc_pl_adc to TRUE"]
