2026.03.02 13:05:14.595[""]
2026.03.02 13:05:14.595["**************** fwTrending .postinstall (start) ****************"]
2026.03.02 13:05:14.595[""]
2026.03.02 13:05:14.595["fwTrending: Detected fresh installation of fwTrending. Importing DPs..."]
2026.03.02 13:05:14.785["fwTrending: configuring default panels"]
2026.03.02 13:05:14.785["fwTrending: adding clipboard to trend tree"]
2026.03.02 13:05:14.786["fwTrending: updating device references"]
2026.03.02 13:05:14.787["fwTrending.postInstall() -> FWTREND-1067 -> Fix not required"]
2026.03.02 13:05:14.788[""]
2026.03.02 13:05:14.788["**************** fwTrending .postinstall (finish) ****************"]
2026.03.02 13:05:14.788[""]
["fwDIP: Config dist_1:DIPConfig_1 is up-to-date"]
2026.03.02 13:05:14.895[""]
2026.03.02 13:05:14.895["**************** fwCaen .postinstall (start) ****************"]
2026.03.02 13:05:14.895[""]
2026.03.02 13:05:14.895[""]
2026.03.02 13:05:14.895["**************** fwCaen .postinstall (finish) ****************"]
2026.03.02 13:05:14.895[""]
2026.03.02 13:05:14.898["fwWiener.postInstall: running script"]
2026.03.02 13:05:14.898["fwWiener_applyDefaultOpcAddressing2Pl512() -> Checking OPC Addresses for Marathon PL512 Power Supplies"]
2026.03.02 13:05:14.899["fwWiener_applyDefaultOpcAddressing2Pl512() -> All Marathon PL512 Power Supplies' Addresses are up-to-date"]
2026.03.02 13:05:14.900["fwWiener.postInstall script: script finished"]
2026.03.02 13:43:30.944[""]
2026.03.02 13:43:30.944["**************** fwTrending .postinstall (start) ****************"]
2026.03.02 13:43:30.944[""]
2026.03.02 13:43:30.944["fwTrending: Detected fresh installation of fwTrending. Importing DPs..."]
2026.03.02 13:43:31.147["fwTrending: configuring default panels"]
2026.03.02 13:43:31.147["fwTrending: adding clipboard to trend tree"]
2026.03.02 13:43:31.148["fwTrending: updating device references"]
2026.03.02 13:43:31.149["fwTrending.postInstall() -> FWTREND-1067 -> Fix not required"]
2026.03.02 13:43:31.150[""]
2026.03.02 13:43:31.150["**************** fwTrending .postinstall (finish) ****************"]
2026.03.02 13:43:31.150[""]
["fwDIP: Config dist_1:DIPConfig_1 is up-to-date"]
2026.03.02 13:43:31.217[""]
2026.03.02 13:43:31.217["**************** fwCaen .postinstall (start) ****************"]
2026.03.02 13:43:31.217[""]
2026.03.02 13:43:31.217[""]
2026.03.02 13:43:31.217["**************** fwCaen .postinstall (finish) ****************"]
2026.03.02 13:43:31.217[""]
2026.03.02 13:43:31.220["fwWiener.postInstall: running script"]
2026.03.02 13:43:31.220["fwWiener_applyDefaultOpcAddressing2Pl512() -> Checking OPC Addresses for Marathon PL512 Power Supplies"]
2026.03.02 13:43:31.220["fwWiener_applyDefaultOpcAddressing2Pl512() -> All Marathon PL512 Power Supplies' Addresses are up-to-date"]
2026.03.02 13:43:31.222["fwWiener.postInstall script: script finished"]
2026.03.02 13:44:27.103["dist_1:DistributedControl: DistributedControl initialisation successfully done"]
2026.03.02 13:44:27.103["dist_1:DistributedControl: unDistributedControl version 9.3.0 loaded"]
2026.03.03 14:12:00.610["dist_1:DistributedControl: DistributedControl initialisation successfully done"]
2026.03.03 14:12:00.610["dist_1:DistributedControl: unDistributedControl version 9.3.0 loaded"]
2026.03.03 14:13:38.273["dist_1:DistributedControl: DistributedControl initialisation successfully done"]
2026.03.03 14:13:38.273["dist_1:DistributedControl: unDistributedControl version 9.3.0 loaded"]
2026.03.03 14:15:26.984["dist_1:DistributedControl: DistributedControl initialisation successfully done"]
2026.03.03 14:15:26.984["dist_1:DistributedControl: unDistributedControl version 9.3.0 loaded"]
2026.03.03 14:29:14.230["dist_1:DistributedControl: DistributedControl initialisation successfully done"]
2026.03.03 14:29:14.230["dist_1:DistributedControl: unDistributedControl version 9.3.0 loaded"]
2026.03.03 14:56:51.141["dist_1:DistributedControl: DistributedControl initialisation successfully done"]
2026.03.03 14:56:51.141["dist_1:DistributedControl: unDistributedControl version 9.3.0 loaded"]
2026.03.04 11:15:52.277["dist_1:DistributedControl: DistributedControl initialisation successfully done"]
2026.03.04 11:15:52.277["dist_1:DistributedControl: unDistributedControl version 9.3.0 loaded"]
