2026.03.02 13:05:15.085["fwFsmSrv: Starting up"]
["Converting Reference Format to version 23"]
["Converting Tree to version 24"]
["Converting Base Type Storage"]
["Converting Enable Flags"]
["Converting LockedOut Flags"]
2026.03.02 13:05:15.099["System Name: dist_1: System Number: 1 - FwFsm: version is 3503"]
2026.03.02 13:05:15.099["fwFsmSrvr: detected new FSM version - Generating ALL"]
2026.03.02 13:05:15.099["fwFsmTree_generateAll: Generating Device Types..."]
["Mon 02 Mar 2026 01:05:15 PM MST fwFSMSrvr executing FwCreateObject - FwCaVLoopDU"]
2026.03.02 13:05:15.110["Creating folder"]["/home/monitor/WinCC/SRTM_Monitor_EC-01/smi_back"]
["Mon 02 Mar 2026 01:05:15 PM MST FwCaVLoopDU - Object Type Created"]
["Mon 02 Mar 2026 01:05:15 PM MST fwFSMSrvr executing FwCreateObject - FwCaVPlantDU"]
["Mon 02 Mar 2026 01:05:15 PM MST FwCaVPlantDU - Object Type Created"]
["Mon 02 Mar 2026 01:05:15 PM MST fwFSMSrvr executing FwCreateObject - FwDevMajority"]
["Mon 02 Mar 2026 01:05:15 PM MST FwDevMajority - Object Type Created"]
["Mon 02 Mar 2026 01:05:15 PM MST fwFSMSrvr executing FwCreateObject - FwDevMode"]
["Mon 02 Mar 2026 01:05:15 PM MST FwDevMode - Object Type Created"]
["Mon 02 Mar 2026 01:05:15 PM MST fwFSMSrvr executing FwCreateObject - FwFSMConfDBDUT"]
["Mon 02 Mar 2026 01:05:15 PM MST FwFSMConfDBDUT - Object Type Created"]
2026.03.02 13:05:16.146["fwFsmTree_generateAll: Generating Object Types..."]
["Mon 02 Mar 2026 01:05:16 PM MST fwFSMSrvr executing FwCreateObject - FwChildMode"]
["Mon 02 Mar 2026 01:05:16 PM MST FwChildMode - Object Type Created"]
["Mon 02 Mar 2026 01:05:16 PM MST fwFSMSrvr executing FwCreateObject - FwChildrenMode"]
["Mon 02 Mar 2026 01:05:16 PM MST FwChildrenMode - Object Type Created"]
["Mon 02 Mar 2026 01:05:16 PM MST fwFSMSrvr executing FwCreateObject - FwMode"]
["Mon 02 Mar 2026 01:05:16 PM MST FwMode - Object Type Created"]
2026.03.02 13:05:16.854["fwFsmTree_generateAll: Generating Tree Nodes..."]
["Mon 02 Mar 2026 01:05:16 PM MST fwFsmSrvr - Generate ALL done!"]
2026.03.02 13:05:17.059["fwFsmSrv: Starting up"]
2026.03.02 13:05:17.061["System Name: dist_1: System Number: 1 - FwFsm: version is 3503"]
2026.03.02 13:44:27.543["Clearing all PC busy and status flags -- fwRCA.ctl/main"]
2026.03.02 13:44:27.543["Connecting to commands to racks commands -- fwRackConnections/_fwRackConnections_connectDeviceCommands"]
2026.03.03 14:12:01.044["Clearing all PC busy and status flags -- fwRCA.ctl/main"]
2026.03.03 14:12:01.045["Connecting to commands to racks commands -- fwRackConnections/_fwRackConnections_connectDeviceCommands"]
2026.03.03 14:13:38.709["Clearing all PC busy and status flags -- fwRCA.ctl/main"]
2026.03.03 14:13:38.709["Connecting to commands to racks commands -- fwRackConnections/_fwRackConnections_connectDeviceCommands"]
2026.03.03 14:15:27.419["Clearing all PC busy and status flags -- fwRCA.ctl/main"]
2026.03.03 14:15:27.419["Connecting to commands to racks commands -- fwRackConnections/_fwRackConnections_connectDeviceCommands"]
2026.03.03 14:29:14.662["Clearing all PC busy and status flags -- fwRCA.ctl/main"]
2026.03.03 14:29:14.662["Connecting to commands to racks commands -- fwRackConnections/_fwRackConnections_connectDeviceCommands"]
